Traceback (most recent call last):
  File "/opt/hostedtoolcache/Python/3.7.11/x64/lib/python3.7/site-packages/jupyter_cache/executors/utils.py", line 56, in single_nb_execution
    record_timing=False,
  File "/opt/hostedtoolcache/Python/3.7.11/x64/lib/python3.7/site-packages/nbclient/client.py", line 1117, in execute
    return NotebookClient(nb=nb, resources=resources, km=km, **kwargs).execute()
  File "/opt/hostedtoolcache/Python/3.7.11/x64/lib/python3.7/site-packages/nbclient/util.py", line 78, in wrapped
    return just_run(coro(*args, **kwargs))
  File "/opt/hostedtoolcache/Python/3.7.11/x64/lib/python3.7/site-packages/nbclient/util.py", line 57, in just_run
    return loop.run_until_complete(coro)
  File "/opt/hostedtoolcache/Python/3.7.11/x64/lib/python3.7/asyncio/base_events.py", line 587, in run_until_complete
    return future.result()
  File "/opt/hostedtoolcache/Python/3.7.11/x64/lib/python3.7/site-packages/nbclient/client.py", line 559, in async_execute
    cell, index, execution_count=self.code_cells_executed + 1
  File "/opt/hostedtoolcache/Python/3.7.11/x64/lib/python3.7/site-packages/nbclient/client.py", line 862, in async_execute_cell
    self._check_raise_for_error(cell, exec_reply)
  File "/opt/hostedtoolcache/Python/3.7.11/x64/lib/python3.7/site-packages/nbclient/client.py", line 765, in _check_raise_for_error
    raise CellExecutionError.from_cell_and_msg(cell, exec_reply_content)
nbclient.exceptions.CellExecutionError: An error occurred while executing the following cell:
------------------
import pandas as pd
import os
from myst_nb import glue

notebook_name = '3-creating-inputs.ipynb' # __file__ doesn't work in a jupyter notebook

input_dir = 'data/dcGO_input/downloaded'
HP_loc = os.path.join(input_dir, 'Domain2HP.txt')
MESH_loc = os.path.join(input_dir, 'Domain2CD.txt')
DO_loc = os.path.join(input_dir, 'Domain2DO.txt')
GO_loc = os.path.join(input_dir, 'Domain2GO_supported_only_by_all.txt') # high coverage
MP_loc = os.path.join(input_dir, 'Domain2MP.txt')

new_col_names = ['domain_type', 
                 'domain_sunid', 
                 'ont_term_id', 
                 'ont_term_name', 
                 'ont_subontologies', 
                 'information_content', 
                 'annotation_origin_1direct_0inherited']

hp = pd.read_csv(HP_loc, sep='\t', comment= '#')
hp.columns = new_col_names
hp['ont_id'] = 'HP'

mesh = pd.read_csv(MESH_loc, sep='\t', comment= '#')
mesh.columns = new_col_names
mesh['ont_id'] = 'MESH'

do = pd.read_csv(DO_loc, sep='\t', comment= '#')
do.columns = new_col_names
do['ont_id'] = 'DO'

go = pd.read_csv(GO_loc, sep='\t', comment= '#')
go.columns = new_col_names
go = go[go['ont_subontologies'] == 'biological_process']
go['ont_id'] = 'GO_BP'

mp = pd.read_csv(MP_loc, sep='\t', comment= '#')
mp.columns = new_col_names
mp['ont_id'] = 'MP'

all_onts = pd.concat([hp, mesh, do, go, mp], ignore_index=True)
outfile = 'data/dcGO_input/created/human_po.txt'
with open(outfile, 'w') as f:
    f.write(f'# file created at {pd.Timestamp.now()} by {notebook_name}.\n')
    f.write('# file contains high coverage mappings for HP, MESH (CD), DO, and GOBP.\n')
    all_onts.to_csv(f, index=False)
    
display(all_onts.head())

def glue_counts_dcGO(df: pd.DataFrame, identifier: str):
    """
    Expects a DataFrame df that contains only ontology terms of interest.
    """
    glue(f"{identifier}_assignments", len(df))
    glue(f"{identifier}_terms", len(df['ont_term_id'].unique()))
    glue(f"{identifier}_domains", len(df['domain_sunid'].unique()))
    
    return None
    
glue_counts_dcGO(all_onts[all_onts['ont_id']=='HP'], 'HP')
glue_counts_dcGO(all_onts[all_onts['ont_id']=='MESH'], 'MESH')
glue_counts_dcGO(all_onts[all_onts['ont_id']=='DO'], 'DO')
glue_counts_dcGO(all_onts[all_onts['ont_id']=='GO_BP'], 'GOBP')
glue_counts_dcGO(all_onts[all_onts['ont_id']=='MP'], 'MP')
glue_counts_dcGO(all_onts, 'all')
------------------

[0;31m---------------------------------------------------------------------------[0m
[0;31mFileNotFoundError[0m                         Traceback (most recent call last)
[0;32m/tmp/ipykernel_16484/1542901336.py[0m in [0;36m<module>[0;34m[0m
[1;32m     20[0m                  'annotation_origin_1direct_0inherited']
[1;32m     21[0m [0;34m[0m[0m
[0;32m---> 22[0;31m [0mhp[0m [0;34m=[0m [0mpd[0m[0;34m.[0m[0mread_csv[0m[0;34m([0m[0mHP_loc[0m[0;34m,[0m [0msep[0m[0;34m=[0m[0;34m'\t'[0m[0;34m,[0m [0mcomment[0m[0;34m=[0m [0;34m'#'[0m[0;34m)[0m[0;34m[0m[0;34m[0m[0m
[0m[1;32m     23[0m [0mhp[0m[0;34m.[0m[0mcolumns[0m [0;34m=[0m [0mnew_col_names[0m[0;34m[0m[0;34m[0m[0m
[1;32m     24[0m [0mhp[0m[0;34m[[0m[0;34m'ont_id'[0m[0;34m][0m [0;34m=[0m [0;34m'HP'[0m[0;34m[0m[0;34m[0m[0m

[0;32m/opt/hostedtoolcache/Python/3.7.11/x64/lib/python3.7/site-packages/pandas/util/_decorators.py[0m in [0;36mwrapper[0;34m(*args, **kwargs)[0m
[1;32m    309[0m                     [0mstacklevel[0m[0;34m=[0m[0mstacklevel[0m[0;34m,[0m[0;34m[0m[0;34m[0m[0m
[1;32m    310[0m                 )
[0;32m--> 311[0;31m             [0;32mreturn[0m [0mfunc[0m[0;34m([0m[0;34m*[0m[0margs[0m[0;34m,[0m [0;34m**[0m[0mkwargs[0m[0;34m)[0m[0;34m[0m[0;34m[0m[0m
[0m[1;32m    312[0m [0;34m[0m[0m
[1;32m    313[0m         [0;32mreturn[0m [0mwrapper[0m[0;34m[0m[0;34m[0m[0m

[0;32m/opt/hostedtoolcache/Python/3.7.11/x64/lib/python3.7/site-packages/pandas/io/parsers/readers.py[0m in [0;36mread_csv[0;34m(filepath_or_buffer, sep, delimiter, header, names, index_col, usecols, squeeze, prefix, mangle_dupe_cols, dtype, engine, converters, true_values, false_values, skipinitialspace, skiprows, skipfooter, nrows, na_values, keep_default_na, na_filter, verbose, skip_blank_lines, parse_dates, infer_datetime_format, keep_date_col, date_parser, dayfirst, cache_dates, iterator, chunksize, compression, thousands, decimal, lineterminator, quotechar, quoting, doublequote, escapechar, comment, encoding, encoding_errors, dialect, error_bad_lines, warn_bad_lines, on_bad_lines, delim_whitespace, low_memory, memory_map, float_precision, storage_options)[0m
[1;32m    584[0m     [0mkwds[0m[0;34m.[0m[0mupdate[0m[0;34m([0m[0mkwds_defaults[0m[0;34m)[0m[0;34m[0m[0;34m[0m[0m
[1;32m    585[0m [0;34m[0m[0m
[0;32m--> 586[0;31m     [0;32mreturn[0m [0m_read[0m[0;34m([0m[0mfilepath_or_buffer[0m[0;34m,[0m [0mkwds[0m[0;34m)[0m[0;34m[0m[0;34m[0m[0m
[0m[1;32m    587[0m [0;34m[0m[0m
[1;32m    588[0m [0;34m[0m[0m

[0;32m/opt/hostedtoolcache/Python/3.7.11/x64/lib/python3.7/site-packages/pandas/io/parsers/readers.py[0m in [0;36m_read[0;34m(filepath_or_buffer, kwds)[0m
[1;32m    480[0m [0;34m[0m[0m
[1;32m    481[0m     [0;31m# Create the parser.[0m[0;34m[0m[0;34m[0m[0;34m[0m[0m
[0;32m--> 482[0;31m     [0mparser[0m [0;34m=[0m [0mTextFileReader[0m[0;34m([0m[0mfilepath_or_buffer[0m[0;34m,[0m [0;34m**[0m[0mkwds[0m[0;34m)[0m[0;34m[0m[0;34m[0m[0m
[0m[1;32m    483[0m [0;34m[0m[0m
[1;32m    484[0m     [0;32mif[0m [0mchunksize[0m [0;32mor[0m [0miterator[0m[0;34m:[0m[0;34m[0m[0;34m[0m[0m

[0;32m/opt/hostedtoolcache/Python/3.7.11/x64/lib/python3.7/site-packages/pandas/io/parsers/readers.py[0m in [0;36m__init__[0;34m(self, f, engine, **kwds)[0m
[1;32m    809[0m             [0mself[0m[0;34m.[0m[0moptions[0m[0;34m[[0m[0;34m"has_index_names"[0m[0;34m][0m [0;34m=[0m [0mkwds[0m[0;34m[[0m[0;34m"has_index_names"[0m[0;34m][0m[0;34m[0m[0;34m[0m[0m
[1;32m    810[0m [0;34m[0m[0m
[0;32m--> 811[0;31m         [0mself[0m[0;34m.[0m[0m_engine[0m [0;34m=[0m [0mself[0m[0;34m.[0m[0m_make_engine[0m[0;34m([0m[0mself[0m[0;34m.[0m[0mengine[0m[0;34m)[0m[0;34m[0m[0;34m[0m[0m
[0m[1;32m    812[0m [0;34m[0m[0m
[1;32m    813[0m     [0;32mdef[0m [0mclose[0m[0;34m([0m[0mself[0m[0;34m)[0m[0;34m:[0m[0;34m[0m[0;34m[0m[0m

[0;32m/opt/hostedtoolcache/Python/3.7.11/x64/lib/python3.7/site-packages/pandas/io/parsers/readers.py[0m in [0;36m_make_engine[0;34m(self, engine)[0m
[1;32m   1038[0m             )
[1;32m   1039[0m         [0;31m# error: Too many arguments for "ParserBase"[0m[0;34m[0m[0;34m[0m[0;34m[0m[0m
[0;32m-> 1040[0;31m         [0;32mreturn[0m [0mmapping[0m[0;34m[[0m[0mengine[0m[0;34m][0m[0;34m([0m[0mself[0m[0;34m.[0m[0mf[0m[0;34m,[0m [0;34m**[0m[0mself[0m[0;34m.[0m[0moptions[0m[0;34m)[0m  [0;31m# type: ignore[call-arg][0m[0;34m[0m[0;34m[0m[0m
[0m[1;32m   1041[0m [0;34m[0m[0m
[1;32m   1042[0m     [0;32mdef[0m [0m_failover_to_python[0m[0;34m([0m[0mself[0m[0;34m)[0m[0;34m:[0m[0;34m[0m[0;34m[0m[0m

[0;32m/opt/hostedtoolcache/Python/3.7.11/x64/lib/python3.7/site-packages/pandas/io/parsers/c_parser_wrapper.py[0m in [0;36m__init__[0;34m(self, src, **kwds)[0m
[1;32m     49[0m [0;34m[0m[0m
[1;32m     50[0m         [0;31m# open handles[0m[0;34m[0m[0;34m[0m[0;34m[0m[0m
[0;32m---> 51[0;31m         [0mself[0m[0;34m.[0m[0m_open_handles[0m[0;34m([0m[0msrc[0m[0;34m,[0m [0mkwds[0m[0;34m)[0m[0;34m[0m[0;34m[0m[0m
[0m[1;32m     52[0m         [0;32massert[0m [0mself[0m[0;34m.[0m[0mhandles[0m [0;32mis[0m [0;32mnot[0m [0;32mNone[0m[0;34m[0m[0;34m[0m[0m
[1;32m     53[0m [0;34m[0m[0m

[0;32m/opt/hostedtoolcache/Python/3.7.11/x64/lib/python3.7/site-packages/pandas/io/parsers/base_parser.py[0m in [0;36m_open_handles[0;34m(self, src, kwds)[0m
[1;32m    227[0m             [0mmemory_map[0m[0;34m=[0m[0mkwds[0m[0;34m.[0m[0mget[0m[0;34m([0m[0;34m"memory_map"[0m[0;34m,[0m [0;32mFalse[0m[0;34m)[0m[0;34m,[0m[0;34m[0m[0;34m[0m[0m
[1;32m    228[0m             [0mstorage_options[0m[0;34m=[0m[0mkwds[0m[0;34m.[0m[0mget[0m[0;34m([0m[0;34m"storage_options"[0m[0;34m,[0m [0;32mNone[0m[0;34m)[0m[0;34m,[0m[0;34m[0m[0;34m[0m[0m
[0;32m--> 229[0;31m             [0merrors[0m[0;34m=[0m[0mkwds[0m[0;34m.[0m[0mget[0m[0;34m([0m[0;34m"encoding_errors"[0m[0;34m,[0m [0;34m"strict"[0m[0;34m)[0m[0;34m,[0m[0;34m[0m[0;34m[0m[0m
[0m[1;32m    230[0m         )
[1;32m    231[0m [0;34m[0m[0m

[0;32m/opt/hostedtoolcache/Python/3.7.11/x64/lib/python3.7/site-packages/pandas/io/common.py[0m in [0;36mget_handle[0;34m(path_or_buf, mode, encoding, compression, memory_map, is_text, errors, storage_options)[0m
[1;32m    704[0m                 [0mencoding[0m[0;34m=[0m[0mioargs[0m[0;34m.[0m[0mencoding[0m[0;34m,[0m[0;34m[0m[0;34m[0m[0m
[1;32m    705[0m                 [0merrors[0m[0;34m=[0m[0merrors[0m[0;34m,[0m[0;34m[0m[0;34m[0m[0m
[0;32m--> 706[0;31m                 [0mnewline[0m[0;34m=[0m[0;34m""[0m[0;34m,[0m[0;34m[0m[0;34m[0m[0m
[0m[1;32m    707[0m             )
[1;32m    708[0m         [0;32melse[0m[0;34m:[0m[0;34m[0m[0;34m[0m[0m

[0;31mFileNotFoundError[0m: [Errno 2] No such file or directory: 'data/dcGO_input/downloaded/Domain2HP.txt'
FileNotFoundError: [Errno 2] No such file or directory: 'data/dcGO_input/downloaded/Domain2HP.txt'

